<?xml version="1.0" encoding="UTF-8"?>
<!-- Generated by org.testng.reporters.JUnitXMLReporter -->
<testsuite hostname="ajitbiswas-laptop" ignored="0" name="Test" tests="2" failures="1" timestamp="09 Dec 2017 03:14:10 GMT" time="82.796" errors="0">
  <testcase name="testValidLogin" time="8.819" classname="scripts.TestValidLogin">
    <failure type="java.lang.AssertionError" message="The following asserts failed:
	expected [actiTIME - Enter Time-Track123] but found [actiTIME - Login]">
      <![CDATA[java.lang.AssertionError: The following asserts failed:
	expected [actiTIME - Enter Time-Track123] but found [actiTIME - Login]
	at scripts.TestValidLogin.testValidLogin(TestValidLogin.java:23)
... Removed 26 stack frames]]>
    </failure>
  </testcase> <!-- testValidLogin -->
  <testcase name="testInvalidLogin" time="8.411" classname="scripts.TestInvalidLogin"/>
</testsuite> <!-- Test -->
