<?xml version="1.0" encoding="UTF-8"?>
<!-- Generated by org.testng.reporters.JUnitXMLReporter -->
<testsuite hostname="ajitbiswas-laptop" ignored="0" name="Test" tests="2" failures="1" timestamp="09 Dec 2017 03:16:50 GMT" time="42.761" errors="0">
  <testcase name="testValidLogin" time="10.043" classname="scripts.TestValidLogin">
    <failure type="java.lang.AssertionError" message="The following asserts failed:
	expected [actiTIME - Enter Time-Track123] but found [actiTIME - Enter Time-Track]">
      <![CDATA[java.lang.AssertionError: The following asserts failed:
	expected [actiTIME - Enter Time-Track123] but found [actiTIME - Enter Time-Track]
	at scripts.TestValidLogin.testValidLogin(TestValidLogin.java:25)
... Removed 30 stack frames]]>
    </failure>
  </testcase> <!-- testValidLogin -->
  <testcase name="testInvalidLogin" time="7.047" classname="scripts.TestInvalidLogin"/>
</testsuite> <!-- Test -->
